<?xml version="1.0" encoding="UTF-8"?>
<!-- Generated by org.testng.reporters.JUnitReportReporter -->
<testsuite skipped="1" hostname="ODCQA-PC" name="com.test.TestNgBasics" tests="2" failures="0" timestamp="09 Oct 2018 11:21:53 GMT" time="20.315" errors="0">
  <testcase name="verifyHomepageTitle" time="20.315" classname="com.test.TestNgBasics"/>
  <testcase name="Login" time="0.000" classname="com.test.TestNgBasics">
    <skipped/>
  </testcase> <!-- Login -->
</testsuite> <!-- com.test.TestNgBasics -->
